[2026-04-30T10:52:44.586Z] INFO: User already registered, updating profile | Details: {"uid":"test-uid"}
[2026-04-30T10:52:44.602Z] INFO: Farmer profile synced successfully | Details: {"uid":"test-uid"}
[2026-04-30T10:52:44.614Z] WARN: Signup failed: Missing fields | Details: {"uid":"test-uid","name":"John Doe"}
[2026-04-30T10:52:44.632Z] INFO: User profile fetched | Details: {"uid":"test-uid"}
[2026-04-30T10:54:26.933Z] INFO: User already registered, updating profile | Details: {"uid":"test-uid"}
[2026-04-30T10:54:26.954Z] INFO: Farmer profile synced successfully | Details: {"uid":"test-uid"}
[2026-04-30T10:54:26.970Z] WARN: Signup failed: Missing fields | Details: {"uid":"test-uid","name":"John Doe"}
[2026-04-30T10:54:26.986Z] INFO: User profile fetched | Details: {"uid":"test-uid"}
[2026-04-30T11:15:46.570Z] ERROR: Error fetching user data | Error: 7 PERMISSION_DENIED: Cloud Firestore API has not been used in project agrohelp-4cb79 before or it is disabled. Enable it by visiting https://console.developers.google.com/apis/api/firestore.googleapis.com/overview?project=agrohelp-4cb79 then retry. If you enabled this API recently, wait a few minutes for the action to propagate to our systems and retry. | Stack: Error: 7 PERMISSION_DENIED: Cloud Firestore API has not been used in project agrohelp-4cb79 before or it is disabled. Enable it by visiting https://console.developers.google.com/apis/api/firestore.googleapis.com/overview?project=agrohelp-4cb79 then retry. If you enabled this API recently, wait a few minutes for the action to propagate to our systems and retry.
    at callErrorFromStatus (D:\Flask-Installation\AgroHelp-Project\backend-api\node_modules\@grpc\grpc-js\build\src\call.js:32:19)
    at Object.onReceiveStatus (D:\Flask-Installation\AgroHelp-Project\backend-api\node_modules\@grpc\grpc-js\build\src\client.js:359:73)
    at Object.onReceiveStatus (D:\Flask-Installation\AgroHelp-Project\backend-api\node_modules\@grpc\grpc-js\build\src\client-interceptors.js:327:181)
    at D:\Flask-Installation\AgroHelp-Project\backend-api\node_modules\@grpc\grpc-js\build\src\resolving-call.js:135:78
    at process.processTicksAndRejections (node:internal/process/task_queues:85:11)
for call at
    at ServiceClientImpl.makeServerStreamRequest (D:\Flask-Installation\AgroHelp-Project\backend-api\node_modules\@grpc\grpc-js\build\src\client.js:342:32)
    at ServiceClientImpl.<anonymous> (D:\Flask-Installation\AgroHelp-Project\backend-api\node_modules\@grpc\grpc-js\build\src\make-client.js:105:19)
    at D:\Flask-Installation\AgroHelp-Project\backend-api\node_modules\@google-cloud\firestore\build\src\v1\firestore_client.js:242:33
    at D:\Flask-Installation\AgroHelp-Project\backend-api\node_modules\google-gax\build\src\streamingCalls\streamingApiCaller.js:38:28
    at D:\Flask-Installation\AgroHelp-Project\backend-api\node_modules\google-gax\build\src\normalCalls\timeout.js:44:16
    at Object.request (D:\Flask-Installation\AgroHelp-Project\backend-api\node_modules\google-gax\build\src\streamingCalls\streaming.js:234:40)
    at makeRequest (D:\Flask-Installation\AgroHelp-Project\backend-api\node_modules\retry-request\index.js:159:28)
    at retryRequest (D:\Flask-Installation\AgroHelp-Project\backend-api\node_modules\retry-request\index.js:119:5)
    at StreamProxy.setStream (D:\Flask-Installation\AgroHelp-Project\backend-api\node_modules\google-gax\build\src\streamingCalls\streaming.js:225:37)
    at StreamingApiCaller.call (D:\Flask-Installation\AgroHelp-Project\backend-api\node_modules\google-gax\build\src\streamingCalls\streamingApiCaller.js:54:16)
Caused by: Error
    at D:\Flask-Installation\AgroHelp-Project\backend-api\node_modules\@google-cloud\firestore\build\src\index.js:1040:27
    at D:\Flask-Installation\AgroHelp-Project\backend-api\node_modules\@google-cloud\firestore\build\src\telemetry\enabled-trace-util.js:110:30
    at NoopContextManager.with (D:\Flask-Installation\AgroHelp-Project\backend-api\node_modules\@opentelemetry\api\build\src\context\NoopContextManager.js:14:19)
    at ContextAPI.with (D:\Flask-Installation\AgroHelp-Project\backend-api\node_modules\@opentelemetry\api\build\src\api\context.js:51:46)
    at NoopTracer.startActiveSpan (D:\Flask-Installation\AgroHelp-Project\backend-api\node_modules\@opentelemetry\api\build\src\trace\NoopTracer.js:54:31)
    at ProxyTracer.startActiveSpan (D:\Flask-Installation\AgroHelp-Project\backend-api\node_modules\@opentelemetry\api\build\src\trace\ProxyTracer.js:27:24)
    at EnabledTraceUtil.startActiveSpan (D:\Flask-Installation\AgroHelp-Project\backend-api\node_modules\@google-cloud\firestore\build\src\telemetry\enabled-trace-util.js:102:28)
    at Firestore.getAll (D:\Flask-Installation\AgroHelp-Project\backend-api\node_modules\@google-cloud\firestore\build\src\index.js:1031:32)
    at D:\Flask-Installation\AgroHelp-Project\backend-api\node_modules\@google-cloud\firestore\build\src\reference\document-reference.js:182:36
    at D:\Flask-Installation\AgroHelp-Project\backend-api\node_modules\@google-cloud\firestore\build\src\telemetry\enabled-trace-util.js:110:30
[2026-04-30T11:15:46.699Z] ERROR: Error fetching user data | Error: 7 PERMISSION_DENIED: Cloud Firestore API has not been used in project agrohelp-4cb79 before or it is disabled. Enable it by visiting https://console.developers.google.com/apis/api/firestore.googleapis.com/overview?project=agrohelp-4cb79 then retry. If you enabled this API recently, wait a few minutes for the action to propagate to our systems and retry. | Stack: Error: 7 PERMISSION_DENIED: Cloud Firestore API has not been used in project agrohelp-4cb79 before or it is disabled. Enable it by visiting https://console.developers.google.com/apis/api/firestore.googleapis.com/overview?project=agrohelp-4cb79 then retry. If you enabled this API recently, wait a few minutes for the action to propagate to our systems and retry.
    at callErrorFromStatus (D:\Flask-Installation\AgroHelp-Project\backend-api\node_modules\@grpc\grpc-js\build\src\call.js:32:19)
    at Object.onReceiveStatus (D:\Flask-Installation\AgroHelp-Project\backend-api\node_modules\@grpc\grpc-js\build\src\client.js:359:73)
    at Object.onReceiveStatus (D:\Flask-Installation\AgroHelp-Project\backend-api\node_modules\@grpc\grpc-js\build\src\client-interceptors.js:327:181)
    at D:\Flask-Installation\AgroHelp-Project\backend-api\node_modules\@grpc\grpc-js\build\src\resolving-call.js:135:78
    at process.processTicksAndRejections (node:internal/process/task_queues:85:11)
for call at
    at ServiceClientImpl.makeServerStreamRequest (D:\Flask-Installation\AgroHelp-Project\backend-api\node_modules\@grpc\grpc-js\build\src\client.js:342:32)
    at ServiceClientImpl.<anonymous> (D:\Flask-Installation\AgroHelp-Project\backend-api\node_modules\@grpc\grpc-js\build\src\make-client.js:105:19)
    at D:\Flask-Installation\AgroHelp-Project\backend-api\node_modules\@google-cloud\firestore\build\src\v1\firestore_client.js:242:33
    at D:\Flask-Installation\AgroHelp-Project\backend-api\node_modules\google-gax\build\src\streamingCalls\streamingApiCaller.js:38:28
    at D:\Flask-Installation\AgroHelp-Project\backend-api\node_modules\google-gax\build\src\normalCalls\timeout.js:44:16
    at Object.request (D:\Flask-Installation\AgroHelp-Project\backend-api\node_modules\google-gax\build\src\streamingCalls\streaming.js:234:40)
    at makeRequest (D:\Flask-Installation\AgroHelp-Project\backend-api\node_modules\retry-request\index.js:159:28)
    at retryRequest (D:\Flask-Installation\AgroHelp-Project\backend-api\node_modules\retry-request\index.js:119:5)
    at StreamProxy.setStream (D:\Flask-Installation\AgroHelp-Project\backend-api\node_modules\google-gax\build\src\streamingCalls\streaming.js:225:37)
    at StreamingApiCaller.call (D:\Flask-Installation\AgroHelp-Project\backend-api\node_modules\google-gax\build\src\streamingCalls\streamingApiCaller.js:54:16)
Caused by: Error
    at D:\Flask-Installation\AgroHelp-Project\backend-api\node_modules\@google-cloud\firestore\build\src\index.js:1040:27
    at D:\Flask-Installation\AgroHelp-Project\backend-api\node_modules\@google-cloud\firestore\build\src\telemetry\enabled-trace-util.js:110:30
    at NoopContextManager.with (D:\Flask-Installation\AgroHelp-Project\backend-api\node_modules\@opentelemetry\api\build\src\context\NoopContextManager.js:14:19)
    at ContextAPI.with (D:\Flask-Installation\AgroHelp-Project\backend-api\node_modules\@opentelemetry\api\build\src\api\context.js:51:46)
    at NoopTracer.startActiveSpan (D:\Flask-Installation\AgroHelp-Project\backend-api\node_modules\@opentelemetry\api\build\src\trace\NoopTracer.js:54:31)
    at ProxyTracer.startActiveSpan (D:\Flask-Installation\AgroHelp-Project\backend-api\node_modules\@opentelemetry\api\build\src\trace\ProxyTracer.js:27:24)
    at EnabledTraceUtil.startActiveSpan (D:\Flask-Installation\AgroHelp-Project\backend-api\node_modules\@google-cloud\firestore\build\src\telemetry\enabled-trace-util.js:102:28)
    at Firestore.getAll (D:\Flask-Installation\AgroHelp-Project\backend-api\node_modules\@google-cloud\firestore\build\src\index.js:1031:32)
    at D:\Flask-Installation\AgroHelp-Project\backend-api\node_modules\@google-cloud\firestore\build\src\reference\document-reference.js:182:36
    at D:\Flask-Installation\AgroHelp-Project\backend-api\node_modules\@google-cloud\firestore\build\src\telemetry\enabled-trace-util.js:110:30
[2026-04-30T11:24:48.978Z] WARN: User profile not found in Firestore | Details: {"uid":"CnWXaqrBD9flQVxdiT98YRftevq2"}
[2026-04-30T11:24:49.106Z] WARN: User profile not found in Firestore | Details: {"uid":"CnWXaqrBD9flQVxdiT98YRftevq2"}
[2026-04-30T11:24:53.741Z] WARN: User profile not found in Firestore | Details: {"uid":"CnWXaqrBD9flQVxdiT98YRftevq2"}
[2026-04-30T11:24:53.903Z] WARN: User profile not found in Firestore | Details: {"uid":"CnWXaqrBD9flQVxdiT98YRftevq2"}
[2026-04-30T11:25:40.941Z] WARN: User profile not found in Firestore | Details: {"uid":"CnWXaqrBD9flQVxdiT98YRftevq2"}
[2026-04-30T11:25:41.110Z] WARN: User profile not found in Firestore | Details: {"uid":"CnWXaqrBD9flQVxdiT98YRftevq2"}
[2026-04-30T11:34:42.629Z] WARN: User profile not found in Firestore | Details: {"uid":"CnWXaqrBD9flQVxdiT98YRftevq2"}
[2026-04-30T11:34:42.861Z] WARN: User profile not found in Firestore | Details: {"uid":"CnWXaqrBD9flQVxdiT98YRftevq2"}
[2026-04-30T11:38:15.463Z] WARN: User profile not found in Firestore | Details: {"uid":"CnWXaqrBD9flQVxdiT98YRftevq2"}
[2026-04-30T11:38:15.644Z] WARN: User profile not found in Firestore | Details: {"uid":"CnWXaqrBD9flQVxdiT98YRftevq2"}
[2026-04-30T11:41:18.128Z] WARN: User profile not found in Firestore | Details: {"uid":"CnWXaqrBD9flQVxdiT98YRftevq2"}
[2026-04-30T11:41:18.299Z] WARN: User profile not found in Firestore | Details: {"uid":"CnWXaqrBD9flQVxdiT98YRftevq2"}
[2026-04-30T11:43:32.918Z] WARN: User profile not found in Firestore | Details: {"uid":"CnWXaqrBD9flQVxdiT98YRftevq2"}
[2026-04-30T11:43:33.103Z] WARN: User profile not found in Firestore | Details: {"uid":"CnWXaqrBD9flQVxdiT98YRftevq2"}
[2026-04-30T11:43:46.137Z] INFO: New farmer registration | Details: {"uid":"CnWXaqrBD9flQVxdiT98YRftevq2","phone":"+911111111111"}
[2026-04-30T11:43:46.722Z] INFO: Farmer profile synced successfully | Details: {"uid":"CnWXaqrBD9flQVxdiT98YRftevq2"}
[2026-04-30T11:43:46.910Z] INFO: User profile fetched | Details: {"uid":"CnWXaqrBD9flQVxdiT98YRftevq2"}
[2026-04-30T11:43:47.074Z] INFO: User profile fetched | Details: {"uid":"CnWXaqrBD9flQVxdiT98YRftevq2"}
[2026-04-30T11:44:07.107Z] INFO: User profile fetched | Details: {"uid":"CnWXaqrBD9flQVxdiT98YRftevq2"}
[2026-04-30T11:44:07.327Z] INFO: User profile fetched | Details: {"uid":"CnWXaqrBD9flQVxdiT98YRftevq2"}
[2026-04-30T11:46:03.400Z] INFO: User profile fetched | Details: {"uid":"CnWXaqrBD9flQVxdiT98YRftevq2"}
[2026-04-30T11:46:03.571Z] INFO: User profile fetched | Details: {"uid":"CnWXaqrBD9flQVxdiT98YRftevq2"}
[2026-04-30T11:46:05.246Z] INFO: User profile fetched | Details: {"uid":"CnWXaqrBD9flQVxdiT98YRftevq2"}
[2026-04-30T11:49:17.268Z] INFO: User profile fetched | Details: {"uid":"CnWXaqrBD9flQVxdiT98YRftevq2"}
[2026-04-30T11:49:17.415Z] INFO: User profile fetched | Details: {"uid":"CnWXaqrBD9flQVxdiT98YRftevq2"}
[2026-04-30T11:58:47.230Z] INFO: User profile fetched | Details: {"uid":"CnWXaqrBD9flQVxdiT98YRftevq2"}
[2026-04-30T11:58:47.399Z] INFO: User profile fetched | Details: {"uid":"CnWXaqrBD9flQVxdiT98YRftevq2"}
[2026-04-30T11:58:53.301Z] INFO: User profile fetched | Details: {"uid":"CnWXaqrBD9flQVxdiT98YRftevq2"}
[2026-04-30T11:58:53.488Z] INFO: User profile fetched | Details: {"uid":"CnWXaqrBD9flQVxdiT98YRftevq2"}
[2026-04-30T11:58:58.724Z] INFO: User profile fetched | Details: {"uid":"CnWXaqrBD9flQVxdiT98YRftevq2"}
[2026-04-30T11:58:58.901Z] INFO: User profile fetched | Details: {"uid":"CnWXaqrBD9flQVxdiT98YRftevq2"}
[2026-04-30T12:03:42.745Z] INFO: User profile fetched | Details: {"uid":"CnWXaqrBD9flQVxdiT98YRftevq2"}
[2026-04-30T12:03:42.918Z] INFO: User profile fetched | Details: {"uid":"CnWXaqrBD9flQVxdiT98YRftevq2"}
[2026-04-30T12:03:47.922Z] INFO: User profile fetched | Details: {"uid":"CnWXaqrBD9flQVxdiT98YRftevq2"}
[2026-04-30T12:03:48.041Z] INFO: User profile fetched | Details: {"uid":"CnWXaqrBD9flQVxdiT98YRftevq2"}
[2026-04-30T12:05:31.465Z] INFO: User profile fetched | Details: {"uid":"CnWXaqrBD9flQVxdiT98YRftevq2"}
[2026-04-30T12:05:31.607Z] INFO: User profile fetched | Details: {"uid":"CnWXaqrBD9flQVxdiT98YRftevq2"}
[2026-05-01T12:12:43.991Z] INFO: User profile fetched | Details: {"uid":"CnWXaqrBD9flQVxdiT98YRftevq2"}
[2026-05-01T12:12:44.141Z] INFO: User profile fetched | Details: {"uid":"CnWXaqrBD9flQVxdiT98YRftevq2"}
[2026-05-02T05:57:33.293Z] INFO: New farmer registration | Details: {"uid":"COanTPXfGJRAbTIE5Ns7S5vn6cE2","phone":"+912222222222"}
[2026-05-02T05:57:33.519Z] INFO: Farmer profile synced successfully | Details: {"uid":"COanTPXfGJRAbTIE5Ns7S5vn6cE2"}
[2026-05-02T05:57:33.735Z] INFO: User profile fetched | Details: {"uid":"COanTPXfGJRAbTIE5Ns7S5vn6cE2"}
[2026-05-02T05:57:33.903Z] INFO: User profile fetched | Details: {"uid":"COanTPXfGJRAbTIE5Ns7S5vn6cE2"}
[2026-05-02T05:58:11.240Z] INFO: User profile fetched | Details: {"uid":"COanTPXfGJRAbTIE5Ns7S5vn6cE2"}
[2026-05-02T05:58:11.413Z] INFO: User profile fetched | Details: {"uid":"COanTPXfGJRAbTIE5Ns7S5vn6cE2"}
[2026-05-02T06:00:25.079Z] INFO: User profile fetched | Details: {"uid":"COanTPXfGJRAbTIE5Ns7S5vn6cE2"}
[2026-05-02T06:00:25.265Z] INFO: User profile fetched | Details: {"uid":"COanTPXfGJRAbTIE5Ns7S5vn6cE2"}
[2026-05-25T10:32:10.029Z] INFO: User profile fetched | Details: {"uid":"CnWXaqrBD9flQVxdiT98YRftevq2"}
[2026-05-25T10:32:10.239Z] INFO: User profile fetched | Details: {"uid":"CnWXaqrBD9flQVxdiT98YRftevq2"}
[2026-05-25T10:38:24.256Z] INFO: User profile fetched | Details: {"uid":"CnWXaqrBD9flQVxdiT98YRftevq2"}
[2026-05-25T10:38:24.398Z] INFO: User profile fetched | Details: {"uid":"CnWXaqrBD9flQVxdiT98YRftevq2"}
[2026-05-25T10:51:36.556Z] INFO: User profile fetched | Details: {"uid":"CnWXaqrBD9flQVxdiT98YRftevq2"}
[2026-05-25T10:51:36.723Z] INFO: User profile fetched | Details: {"uid":"CnWXaqrBD9flQVxdiT98YRftevq2"}
[2026-05-25T11:06:55.367Z] INFO: User profile fetched | Details: {"uid":"CnWXaqrBD9flQVxdiT98YRftevq2"}
[2026-05-25T11:06:55.518Z] INFO: User profile fetched | Details: {"uid":"CnWXaqrBD9flQVxdiT98YRftevq2"}
[2026-05-25T11:07:33.085Z] INFO: User profile fetched | Details: {"uid":"CnWXaqrBD9flQVxdiT98YRftevq2"}
[2026-05-25T11:07:33.210Z] INFO: User profile fetched | Details: {"uid":"CnWXaqrBD9flQVxdiT98YRftevq2"}
[2026-05-25T11:17:00.842Z] INFO: User profile fetched | Details: {"uid":"CnWXaqrBD9flQVxdiT98YRftevq2"}
[2026-05-25T11:17:00.976Z] INFO: User profile fetched | Details: {"uid":"CnWXaqrBD9flQVxdiT98YRftevq2"}
[2026-05-25T11:17:06.211Z] INFO: User profile fetched | Details: {"uid":"CnWXaqrBD9flQVxdiT98YRftevq2"}
[2026-05-25T11:17:06.368Z] INFO: User profile fetched | Details: {"uid":"CnWXaqrBD9flQVxdiT98YRftevq2"}
[2026-05-25T11:18:10.222Z] INFO: User profile fetched | Details: {"uid":"CnWXaqrBD9flQVxdiT98YRftevq2"}
[2026-05-25T11:18:10.390Z] INFO: User profile fetched | Details: {"uid":"CnWXaqrBD9flQVxdiT98YRftevq2"}
[2026-05-25T11:18:13.429Z] INFO: User profile fetched | Details: {"uid":"CnWXaqrBD9flQVxdiT98YRftevq2"}
[2026-05-25T11:18:13.569Z] INFO: User profile fetched | Details: {"uid":"CnWXaqrBD9flQVxdiT98YRftevq2"}
[2026-05-25T11:18:30.408Z] INFO: User profile fetched | Details: {"uid":"CnWXaqrBD9flQVxdiT98YRftevq2"}
[2026-05-25T11:18:30.513Z] INFO: User profile fetched | Details: {"uid":"CnWXaqrBD9flQVxdiT98YRftevq2"}
[2026-05-25T11:18:39.838Z] INFO: User profile fetched | Details: {"uid":"CnWXaqrBD9flQVxdiT98YRftevq2"}
[2026-05-25T11:18:39.970Z] INFO: User profile fetched | Details: {"uid":"CnWXaqrBD9flQVxdiT98YRftevq2"}
[2026-05-25T11:23:42.719Z] INFO: User profile fetched | Details: {"uid":"CnWXaqrBD9flQVxdiT98YRftevq2"}
[2026-05-25T11:23:42.858Z] INFO: User profile fetched | Details: {"uid":"CnWXaqrBD9flQVxdiT98YRftevq2"}
[2026-05-25T11:35:58.828Z] INFO: User profile fetched | Details: {"uid":"CnWXaqrBD9flQVxdiT98YRftevq2"}
[2026-05-25T11:35:58.970Z] INFO: User profile fetched | Details: {"uid":"CnWXaqrBD9flQVxdiT98YRftevq2"}
[2026-05-25T11:38:23.355Z] INFO: User profile fetched | Details: {"uid":"CnWXaqrBD9flQVxdiT98YRftevq2"}
[2026-05-25T11:54:13.126Z] INFO: User profile fetched | Details: {"uid":"CnWXaqrBD9flQVxdiT98YRftevq2"}
[2026-05-25T11:54:13.280Z] INFO: User profile fetched | Details: {"uid":"CnWXaqrBD9flQVxdiT98YRftevq2"}
[2026-05-25T11:56:03.880Z] INFO: User profile fetched | Details: {"uid":"CnWXaqrBD9flQVxdiT98YRftevq2"}
[2026-05-25T11:56:04.034Z] INFO: User profile fetched | Details: {"uid":"CnWXaqrBD9flQVxdiT98YRftevq2"}
[2026-05-25T11:56:36.493Z] INFO: User profile fetched | Details: {"uid":"CnWXaqrBD9flQVxdiT98YRftevq2"}
[2026-05-25T11:56:36.633Z] INFO: User profile fetched | Details: {"uid":"CnWXaqrBD9flQVxdiT98YRftevq2"}
[2026-05-25T11:56:55.252Z] INFO: User profile fetched | Details: {"uid":"CnWXaqrBD9flQVxdiT98YRftevq2"}
[2026-05-25T11:56:55.418Z] INFO: User profile fetched | Details: {"uid":"CnWXaqrBD9flQVxdiT98YRftevq2"}
[2026-05-25T11:57:33.154Z] INFO: User profile fetched | Details: {"uid":"CnWXaqrBD9flQVxdiT98YRftevq2"}
[2026-05-25T11:57:33.340Z] INFO: User profile fetched | Details: {"uid":"CnWXaqrBD9flQVxdiT98YRftevq2"}
[2026-05-25T11:57:49.764Z] INFO: User profile fetched | Details: {"uid":"CnWXaqrBD9flQVxdiT98YRftevq2"}
[2026-05-25T11:57:49.877Z] INFO: User profile fetched | Details: {"uid":"CnWXaqrBD9flQVxdiT98YRftevq2"}
[2026-05-25T11:57:53.214Z] INFO: User profile fetched | Details: {"uid":"CnWXaqrBD9flQVxdiT98YRftevq2"}
[2026-05-25T11:57:53.341Z] INFO: User profile fetched | Details: {"uid":"CnWXaqrBD9flQVxdiT98YRftevq2"}
[2026-05-25T11:58:05.629Z] INFO: User profile fetched | Details: {"uid":"CnWXaqrBD9flQVxdiT98YRftevq2"}
[2026-05-25T11:58:05.751Z] INFO: User profile fetched | Details: {"uid":"CnWXaqrBD9flQVxdiT98YRftevq2"}
[2026-05-25T11:58:52.031Z] INFO: User profile fetched | Details: {"uid":"CnWXaqrBD9flQVxdiT98YRftevq2"}
[2026-05-25T11:58:52.139Z] INFO: User profile fetched | Details: {"uid":"CnWXaqrBD9flQVxdiT98YRftevq2"}
[2026-05-25T12:00:04.187Z] INFO: User profile fetched | Details: {"uid":"CnWXaqrBD9flQVxdiT98YRftevq2"}
[2026-05-25T12:00:04.312Z] INFO: User profile fetched | Details: {"uid":"CnWXaqrBD9flQVxdiT98YRftevq2"}
[2026-06-01T07:52:16.266Z] INFO: User profile fetched | Details: {"uid":"CnWXaqrBD9flQVxdiT98YRftevq2"}
[2026-06-01T07:52:16.421Z] INFO: User profile fetched | Details: {"uid":"CnWXaqrBD9flQVxdiT98YRftevq2"}
[2026-06-01T08:44:17.285Z] INFO: User profile fetched | Details: {"uid":"CnWXaqrBD9flQVxdiT98YRftevq2"}
[2026-06-01T08:44:17.480Z] INFO: User profile fetched | Details: {"uid":"CnWXaqrBD9flQVxdiT98YRftevq2"}
[2026-06-01T08:56:51.485Z] INFO: User profile fetched | Details: {"uid":"CnWXaqrBD9flQVxdiT98YRftevq2"}
[2026-06-01T08:56:51.664Z] INFO: User profile fetched | Details: {"uid":"CnWXaqrBD9flQVxdiT98YRftevq2"}
[2026-06-01T08:58:40.153Z] INFO: User profile fetched | Details: {"uid":"CnWXaqrBD9flQVxdiT98YRftevq2"}
[2026-06-01T08:58:40.323Z] INFO: User profile fetched | Details: {"uid":"CnWXaqrBD9flQVxdiT98YRftevq2"}
[2026-06-01T11:16:00.858Z] INFO: User profile fetched | Details: {"uid":"CnWXaqrBD9flQVxdiT98YRftevq2"}
[2026-06-01T11:16:01.078Z] INFO: User profile fetched | Details: {"uid":"CnWXaqrBD9flQVxdiT98YRftevq2"}
[2026-06-01T11:17:28.324Z] INFO: User profile fetched | Details: {"uid":"CnWXaqrBD9flQVxdiT98YRftevq2"}
[2026-06-01T11:17:28.511Z] INFO: User profile fetched | Details: {"uid":"CnWXaqrBD9flQVxdiT98YRftevq2"}
[2026-06-01T11:20:46.109Z] INFO: User profile fetched | Details: {"uid":"CnWXaqrBD9flQVxdiT98YRftevq2"}
[2026-06-01T11:20:46.302Z] INFO: User profile fetched | Details: {"uid":"CnWXaqrBD9flQVxdiT98YRftevq2"}
[2026-06-01T12:00:34.766Z] INFO: User profile fetched | Details: {"uid":"CnWXaqrBD9flQVxdiT98YRftevq2"}
[2026-06-01T12:00:34.936Z] INFO: User profile fetched | Details: {"uid":"CnWXaqrBD9flQVxdiT98YRftevq2"}
[2026-06-01T12:00:49.723Z] INFO: User profile fetched | Details: {"uid":"CnWXaqrBD9flQVxdiT98YRftevq2"}
[2026-06-01T12:00:49.853Z] INFO: User profile fetched | Details: {"uid":"CnWXaqrBD9flQVxdiT98YRftevq2"}
[2026-06-01T12:00:56.538Z] INFO: User profile fetched | Details: {"uid":"CnWXaqrBD9flQVxdiT98YRftevq2"}
[2026-06-01T12:00:56.730Z] INFO: User profile fetched | Details: {"uid":"CnWXaqrBD9flQVxdiT98YRftevq2"}
[2026-06-01T12:01:04.725Z] INFO: User profile fetched | Details: {"uid":"CnWXaqrBD9flQVxdiT98YRftevq2"}
[2026-06-01T12:01:04.892Z] INFO: User profile fetched | Details: {"uid":"CnWXaqrBD9flQVxdiT98YRftevq2"}
[2026-06-01T12:03:24.857Z] INFO: User profile fetched | Details: {"uid":"CnWXaqrBD9flQVxdiT98YRftevq2"}
[2026-06-01T12:03:25.045Z] INFO: User profile fetched | Details: {"uid":"CnWXaqrBD9flQVxdiT98YRftevq2"}
[2026-06-01T12:03:51.792Z] INFO: User profile fetched | Details: {"uid":"CnWXaqrBD9flQVxdiT98YRftevq2"}
[2026-06-01T12:03:51.916Z] INFO: User profile fetched | Details: {"uid":"CnWXaqrBD9flQVxdiT98YRftevq2"}
[2026-06-01T12:03:57.827Z] INFO: User profile fetched | Details: {"uid":"CnWXaqrBD9flQVxdiT98YRftevq2"}
[2026-06-01T12:03:57.979Z] INFO: User profile fetched | Details: {"uid":"CnWXaqrBD9flQVxdiT98YRftevq2"}
[2026-06-01T12:06:40.679Z] INFO: User profile fetched | Details: {"uid":"CnWXaqrBD9flQVxdiT98YRftevq2"}
[2026-06-01T12:06:40.798Z] INFO: User profile fetched | Details: {"uid":"CnWXaqrBD9flQVxdiT98YRftevq2"}
[2026-06-01T17:00:48.164Z] INFO: User profile fetched | Details: {"uid":"CnWXaqrBD9flQVxdiT98YRftevq2"}
[2026-06-01T17:00:48.306Z] INFO: User profile fetched | Details: {"uid":"CnWXaqrBD9flQVxdiT98YRftevq2"}
[2026-06-01T17:31:29.210Z] INFO: User profile fetched | Details: {"uid":"CnWXaqrBD9flQVxdiT98YRftevq2"}
[2026-06-01T17:31:29.372Z] INFO: User profile fetched | Details: {"uid":"CnWXaqrBD9flQVxdiT98YRftevq2"}
[2026-06-01T17:32:47.210Z] INFO: User profile fetched | Details: {"uid":"CnWXaqrBD9flQVxdiT98YRftevq2"}
[2026-06-01T17:32:47.380Z] INFO: User profile fetched | Details: {"uid":"CnWXaqrBD9flQVxdiT98YRftevq2"}
[2026-06-01T17:34:04.833Z] INFO: User profile fetched | Details: {"uid":"CnWXaqrBD9flQVxdiT98YRftevq2"}
[2026-06-01T17:34:04.996Z] INFO: User profile fetched | Details: {"uid":"CnWXaqrBD9flQVxdiT98YRftevq2"}
[2026-06-01T17:34:12.454Z] INFO: User profile fetched | Details: {"uid":"CnWXaqrBD9flQVxdiT98YRftevq2"}
[2026-06-01T17:34:12.620Z] INFO: User profile fetched | Details: {"uid":"CnWXaqrBD9flQVxdiT98YRftevq2"}
[2026-06-01T17:34:34.832Z] INFO: User profile fetched | Details: {"uid":"CnWXaqrBD9flQVxdiT98YRftevq2"}
[2026-06-01T17:34:34.951Z] INFO: User profile fetched | Details: {"uid":"CnWXaqrBD9flQVxdiT98YRftevq2"}
[2026-06-01T17:34:59.335Z] INFO: User profile fetched | Details: {"uid":"CnWXaqrBD9flQVxdiT98YRftevq2"}
[2026-06-01T17:34:59.459Z] INFO: User profile fetched | Details: {"uid":"CnWXaqrBD9flQVxdiT98YRftevq2"}
[2026-06-06T02:48:36.999Z] INFO: User profile fetched | Details: {"uid":"CnWXaqrBD9flQVxdiT98YRftevq2"}
[2026-06-06T02:48:37.141Z] INFO: User profile fetched | Details: {"uid":"CnWXaqrBD9flQVxdiT98YRftevq2"}
[2026-06-06T03:06:18.149Z] INFO: User profile fetched | Details: {"uid":"CnWXaqrBD9flQVxdiT98YRftevq2"}
[2026-06-06T03:06:18.292Z] INFO: User profile fetched | Details: {"uid":"CnWXaqrBD9flQVxdiT98YRftevq2"}
[2026-06-06T03:09:47.334Z] INFO: User profile fetched | Details: {"uid":"CnWXaqrBD9flQVxdiT98YRftevq2"}
[2026-06-06T03:09:47.493Z] INFO: User profile fetched | Details: {"uid":"CnWXaqrBD9flQVxdiT98YRftevq2"}
[2026-06-06T03:10:58.842Z] INFO: User profile fetched | Details: {"uid":"CnWXaqrBD9flQVxdiT98YRftevq2"}
[2026-06-06T03:10:58.985Z] INFO: User profile fetched | Details: {"uid":"CnWXaqrBD9flQVxdiT98YRftevq2"}
[2026-06-06T03:11:48.962Z] INFO: User profile fetched | Details: {"uid":"CnWXaqrBD9flQVxdiT98YRftevq2"}
[2026-06-06T03:11:49.082Z] INFO: User profile fetched | Details: {"uid":"CnWXaqrBD9flQVxdiT98YRftevq2"}
[2026-06-06T03:12:14.321Z] INFO: User profile fetched | Details: {"uid":"CnWXaqrBD9flQVxdiT98YRftevq2"}
[2026-06-06T03:12:14.432Z] INFO: User profile fetched | Details: {"uid":"CnWXaqrBD9flQVxdiT98YRftevq2"}
[2026-06-06T04:05:00.066Z] INFO: User profile fetched | Details: {"uid":"CnWXaqrBD9flQVxdiT98YRftevq2"}
[2026-06-06T04:05:00.168Z] INFO: User profile fetched | Details: {"uid":"CnWXaqrBD9flQVxdiT98YRftevq2"}
[2026-06-06T04:16:24.935Z] INFO: User profile fetched | Details: {"uid":"CnWXaqrBD9flQVxdiT98YRftevq2"}
[2026-06-06T04:16:24.996Z] INFO: User profile fetched | Details: {"uid":"CnWXaqrBD9flQVxdiT98YRftevq2"}
[2026-06-06T04:24:21.933Z] INFO: User profile fetched | Details: {"uid":"CnWXaqrBD9flQVxdiT98YRftevq2"}
[2026-06-06T04:24:22.001Z] INFO: User profile fetched | Details: {"uid":"CnWXaqrBD9flQVxdiT98YRftevq2"}
